-------------------------------------------------------------------------------
Test set: cucumber.options.TestRunner
-------------------------------------------------------------------------------
Tests run: 2, Failures: 1, Errors: 0, Skipped: 0, Time elapsed: 17.208 s <<< FAILURE! - in cucumber.options.TestRunner
Login to MUSE(Log into Sheffield University website)  Time elapsed: 11.53 s  <<< FAILURE!
java.lang.AssertionError

